<?xml version="1.0" encoding="UTF-8"?>
<!-- Generated by org.testng.reporters.JUnitReportReporter -->
<testsuite hostname="DESKTOP-7C4J88S" failures="0" tests="2" name="TestNG.example8_DiableTCExecutionFromTestSuite" time="0.023" errors="0" timestamp="2024-02-05T12:26:24 IST" skipped="0">
  <testcase classname="TestNG.example8_DiableTCExecutionFromTestSuite" name="TC1" time="0.014"/>
  <system-out>
    <![CDATA[running TC1]]>
  </system-out>
  <testcase classname="TestNG.example8_DiableTCExecutionFromTestSuite" name="TC3" time="0.009"/>
  <system-out>
    <![CDATA[running TC3]]>
  </system-out>
</testsuite> <!-- TestNG.example8_DiableTCExecutionFromTestSuite -->
